2019-01-31 15:10:22,205 ERROR [Worker-3] - Statistics - Statistics file `/home/mathew/.scalaide/statistics` is corrupted. A new one is being created. Corrupted content was:

com.cedarsoftware.util.io.JsonIoException: error parsing JSON value
	at com.cedarsoftware.util.io.JsonReader.readObject(JsonReader.java:529)
	at com.cedarsoftware.util.io.JsonReader.jsonToJava(JsonReader.java:289)
	at com.cedarsoftware.util.io.JsonReader.jsonToJava(JsonReader.java:262)
	at org.scalaide.core.internal.statistics.Statistics.read(Statistics.scala:74)
	at org.scalaide.core.internal.statistics.Statistics.$anonfun$readStats$1(Statistics.scala:52)
	at org.scalaide.core.internal.statistics.Statistics.$anonfun$readStats$1$adapted(Statistics.scala:51)
	at org.scalaide.core.ScalaIdeDataStore$.$anonfun$validate$2(ScalaIdeDataStore.scala:59)
	at org.scalaide.util.eclipse.EclipseUtils$$anon$3.run(EclipseUtils.scala:230)
	at org.eclipse.core.runtime.SafeRunner.run(SafeRunner.java:42)
	at org.scalaide.util.eclipse.EclipseUtils$.withSafeRunner(EclipseUtils.scala:226)
	at org.scalaide.core.ScalaIdeDataStore$.validate(ScalaIdeDataStore.scala:59)
	at org.scalaide.core.internal.statistics.Statistics.readStats(Statistics.scala:51)
	at org.scalaide.core.internal.statistics.Statistics.<init>(Statistics.scala:30)
	at org.scalaide.core.internal.ScalaPlugin.stats$lzycompute(ScalaPlugin.scala:135)
	at org.scalaide.core.internal.ScalaPlugin.stats(ScalaPlugin.scala:135)
	at org.scalaide.core.internal.ScalaPlugin.statistics(ScalaPlugin.scala:138)
	at org.scalaide.core.internal.ScalaPlugin.start(ScalaPlugin.scala:109)
	at org.eclipse.osgi.internal.framework.BundleContextImpl$3.run(BundleContextImpl.java:779)
	at org.eclipse.osgi.internal.framework.BundleContextImpl$3.run(BundleContextImpl.java:1)
	at java.security.AccessController.doPrivileged(Native Method)
	at org.eclipse.osgi.internal.framework.BundleContextImpl.startActivator(BundleContextImpl.java:772)
	at org.eclipse.osgi.internal.framework.BundleContextImpl.start(BundleContextImpl.java:729)
	at org.eclipse.osgi.internal.framework.EquinoxBundle.startWorker0(EquinoxBundle.java:933)
	at org.eclipse.osgi.internal.framework.EquinoxBundle$EquinoxModule.startWorker(EquinoxBundle.java:309)
	at org.eclipse.osgi.container.Module.doStart(Module.java:581)
	at org.eclipse.osgi.container.Module.start(Module.java:449)
	at org.eclipse.osgi.framework.util.SecureAction.start(SecureAction.java:468)
	at org.eclipse.osgi.internal.hooks.EclipseLazyStarter.postFindLocalClass(EclipseLazyStarter.java:103)
	at org.eclipse.osgi.internal.loader.classpath.ClasspathManager.findLocalClass(ClasspathManager.java:529)
	at org.eclipse.osgi.internal.loader.ModuleClassLoader.findLocalClass(ModuleClassLoader.java:328)
	at org.eclipse.osgi.internal.loader.BundleLoader.findLocalClass(BundleLoader.java:368)
	at org.eclipse.osgi.internal.loader.sources.SingleSourcePackage.loadClass(SingleSourcePackage.java:36)
	at org.eclipse.osgi.internal.loader.BundleLoader.findClassInternal(BundleLoader.java:442)
	at org.eclipse.osgi.internal.loader.BundleLoader.findClass(BundleLoader.java:395)
	at org.eclipse.osgi.internal.loader.BundleLoader.findClass(BundleLoader.java:387)
	at org.eclipse.osgi.internal.loader.ModuleClassLoader.loadClass(ModuleClassLoader.java:150)
	at java.lang.ClassLoader.loadClass(ClassLoader.java:357)
	at org.scalaide.debug.internal.ScalaDebugger$.init(ScalaDebugger.scala:66)
	at org.scalaide.debug.internal.ScalaDebugPlugin.start(ScalaDebugPlugin.scala:30)
	at org.eclipse.osgi.internal.framework.BundleContextImpl$3.run(BundleContextImpl.java:779)
	at org.eclipse.osgi.internal.framework.BundleContextImpl$3.run(BundleContextImpl.java:1)
	at java.security.AccessController.doPrivileged(Native Method)
	at org.eclipse.osgi.internal.framework.BundleContextImpl.startActivator(BundleContextImpl.java:772)
	at org.eclipse.osgi.internal.framework.BundleContextImpl.start(BundleContextImpl.java:729)
	at org.eclipse.osgi.internal.framework.EquinoxBundle.startWorker0(EquinoxBundle.java:933)
	at org.eclipse.osgi.internal.framework.EquinoxBundle$EquinoxModule.startWorker(EquinoxBundle.java:309)
	at org.eclipse.osgi.container.Module.doStart(Module.java:581)
	at org.eclipse.osgi.container.Module.start(Module.java:449)
	at org.eclipse.osgi.framework.util.SecureAction.start(SecureAction.java:468)
	at org.eclipse.osgi.internal.hooks.EclipseLazyStarter.postFindLocalClass(EclipseLazyStarter.java:103)
	at org.eclipse.osgi.internal.loader.classpath.ClasspathManager.findLocalClass(ClasspathManager.java:529)
	at org.eclipse.osgi.internal.loader.ModuleClassLoader.findLocalClass(ModuleClassLoader.java:328)
	at org.eclipse.osgi.internal.loader.BundleLoader.findLocalClass(BundleLoader.java:368)
	at org.eclipse.osgi.internal.loader.BundleLoader.findClassInternal(BundleLoader.java:446)
	at org.eclipse.osgi.internal.loader.BundleLoader.findClass(BundleLoader.java:395)
	at org.eclipse.osgi.internal.loader.BundleLoader.findClass(BundleLoader.java:387)
	at org.eclipse.osgi.internal.loader.ModuleClassLoader.loadClass(ModuleClassLoader.java:150)
	at java.lang.ClassLoader.loadClass(ClassLoader.java:357)
	at org.eclipse.osgi.internal.framework.EquinoxBundle.loadClass(EquinoxBundle.java:564)
	at org.eclipse.core.internal.registry.osgi.RegistryStrategyOSGI.createExecutableExtension(RegistryStrategyOSGI.java:174)
	at org.eclipse.core.internal.registry.ExtensionRegistry.createExecutableExtension(ExtensionRegistry.java:905)
	at org.eclipse.core.internal.registry.ConfigurationElement.createExecutableExtension(ConfigurationElement.java:243)
	at org.eclipse.core.internal.registry.ConfigurationElementHandle.createExecutableExtension(ConfigurationElementHandle.java:55)
	at org.eclipse.ui.internal.WorkbenchPlugin.lambda$0(WorkbenchPlugin.java:288)
	at org.eclipse.swt.custom.BusyIndicator.showWhile(BusyIndicator.java:52)
	at org.eclipse.ui.internal.WorkbenchPlugin.createExtension(WorkbenchPlugin.java:285)
	at org.eclipse.ui.internal.EarlyStartupRunnable.run(EarlyStartupRunnable.java:53)
	at org.eclipse.core.runtime.SafeRunner.run(SafeRunner.java:42)
	at org.eclipse.ui.internal.Workbench$40.run(Workbench.java:2747)
	at org.eclipse.core.internal.jobs.Worker.run(Worker.java:56)
Caused by: com.cedarsoftware.util.io.JsonIoException: EOF reached prematurely
	at com.cedarsoftware.util.io.JsonParser.error(JsonParser.java:584)
	at com.cedarsoftware.util.io.JsonParser.readValue(JsonParser.java:278)
	at com.cedarsoftware.util.io.JsonReader.readObject(JsonReader.java:521)
	... 69 more
2019-01-31 15:11:37,527 ERROR [main] - System.err - swt-tree-arrow-mode and swt-tree-arrow-color are not supported on this platform
2019-01-31 15:12:18,359  WARN [ModalContext] - ScalaProject - Project sparkScalaCourse has platform default sourceLevel.
2019-01-31 15:12:18,360  WARN [ModalContext] - ScalaProject - Project sparkScalaCourse runs on platform default installation.
2019-01-31 15:12:19,264  WARN [Worker-3] - ScalaProject - Project sparkScalaCourse has platform default sourceLevel.
2019-01-31 15:12:19,266  WARN [Worker-3] - ScalaProject - Project sparkScalaCourse runs on platform default installation.
2019-01-31 15:13:25,433  WARN [Worker-3] - ScalaProject - Project sparkScalaCourse has platform default sourceLevel.
2019-01-31 15:13:25,434  WARN [Worker-3] - ScalaProject - Project sparkScalaCourse runs on platform default installation.
2019-01-31 15:14:50,164  WARN [Worker-1] - ScalaProject - Project sparkScalaCourse has platform default sourceLevel.
2019-01-31 15:14:50,164  WARN [Worker-1] - ScalaProject - Project sparkScalaCourse runs on platform default installation.
2019-01-31 15:14:50,897  WARN [Java indexing] - ScalaProject - Project sparkScalaCourse has platform default sourceLevel.
2019-01-31 15:14:50,897  WARN [Java indexing] - ScalaProject - Project sparkScalaCourse runs on platform default installation.
2019-01-31 15:20:31,424  WARN [Worker-9] - ScalaProject - Project sparkScalaCourse has platform default sourceLevel.
2019-01-31 15:20:31,424  WARN [Worker-9] - ScalaProject - Project sparkScalaCourse runs on platform default installation.
2019-01-31 15:22:04,483  WARN [main] - org.scala-ide.sdt.core - org.scala-ide.sdt.core - org.scala-ide.sdt.core - 0 - Preference scala.compiler.sourceLevel was uninitialized for sparkScalaCourse, setting default to 2.12.
2019-01-31 15:24:04,180 ERROR [Text Viewer Hover Presenter] - IScalaPresentationCompiler$ - Ignoring InterruptException
2019-01-31 15:24:04,180 ERROR [Text Viewer Hover Presenter] - IScalaPresentationCompiler$ - Ignoring InterruptException
2019-01-31 15:24:04,181 ERROR [Text Viewer Hover Presenter] - IScalaPresentationCompiler$ - Ignoring InterruptException
2019-01-31 15:26:05,640  WARN [org.scalaide.ui.internal.reconciliation.ScalaReconciler] - ImplicitHighlightingPresenter - Timeout while waiting for `askLoadedTyped` during semantic highlighting.
2019-01-31 15:26:06,437  WARN [org.scalaide.ui.internal.reconciliation.ScalaReconciler] - CustomSemanticAction - Timeout while waiting for `askLoadedTyped` during semantic highlighting.
2019-01-31 16:15:48,020  WARN [ModalContext] - ScalaProject - Project LearningScala has platform default sourceLevel.
2019-01-31 16:15:48,020  WARN [ModalContext] - ScalaProject - Project LearningScala runs on platform default installation.
2019-01-31 16:15:48,464  WARN [Worker-8] - ScalaProject - Project LearningScala has platform default sourceLevel.
2019-01-31 16:15:48,468  WARN [Worker-8] - ScalaProject - Project LearningScala runs on platform default installation.
2019-01-31 16:16:36,045  WARN [Worker-23] - ScalaProject - Project LearningScala has platform default sourceLevel.
2019-01-31 16:16:36,045  WARN [Worker-23] - ScalaProject - Project LearningScala runs on platform default installation.
2019-01-31 16:16:42,946  WARN [org.eclipse.jface.text.reconciler.MonoReconciler] - ScalaProject - Project LearningScala has platform default sourceLevel.
2019-01-31 16:16:42,947  WARN [org.eclipse.jface.text.reconciler.MonoReconciler] - ScalaProject - Project LearningScala runs on platform default installation.
2019-01-31 16:22:46,236  WARN [Worker-8] - ScalaProject - Project LearningScala has platform default sourceLevel.
2019-01-31 16:22:46,236  WARN [Worker-8] - ScalaProject - Project LearningScala runs on platform default installation.
2019-01-31 16:28:14,673  WARN [Worker-20] - ScalaProject - Project LearningScala has platform default sourceLevel.
2019-01-31 16:28:14,673  WARN [Worker-20] - ScalaProject - Project LearningScala runs on platform default installation.
2019-01-31 16:28:18,220  WARN [Worker-8] - ScalaProject - Project LearningScala has platform default sourceLevel.
2019-01-31 16:28:18,220  WARN [Worker-8] - ScalaProject - Project LearningScala runs on platform default installation.
2019-01-31 17:03:39,034  WARN [Worker-21] - ScalaProject - Project LearningScala has platform default sourceLevel.
2019-01-31 17:03:39,038  WARN [Worker-21] - ScalaProject - Project LearningScala runs on platform default installation.
2019-01-31 17:03:40,814  WARN [Worker-8] - ScalaProject - Project LearningScala has platform default sourceLevel.
2019-01-31 17:03:40,814  WARN [Worker-8] - ScalaProject - Project LearningScala runs on platform default installation.
2019-01-31 17:04:59,303  WARN [Worker-22] - ScalaProject - Project LearningScala has platform default sourceLevel.
2019-01-31 17:04:59,303  WARN [Worker-22] - ScalaProject - Project LearningScala runs on platform default installation.
2019-01-31 17:08:27,119  WARN [Worker-8] - ScalaProject - Project LearningScala has platform default sourceLevel.
2019-01-31 17:08:27,119  WARN [Worker-8] - ScalaProject - Project LearningScala runs on platform default installation.
2019-01-31 17:08:29,200  WARN [Worker-8] - ScalaProject - Project LearningScala has platform default sourceLevel.
2019-01-31 17:08:29,201  WARN [Worker-8] - ScalaProject - Project LearningScala runs on platform default installation.
2019-01-31 17:22:53,853  WARN [Worker-20] - ScalaProject - Project LearningScala has platform default sourceLevel.
2019-01-31 17:22:53,853  WARN [Worker-20] - ScalaProject - Project LearningScala runs on platform default installation.
2019-01-31 17:22:54,458  WARN [Worker-22] - ScalaProject - Project LearningScala has platform default sourceLevel.
2019-01-31 17:22:54,458  WARN [Worker-22] - ScalaProject - Project LearningScala runs on platform default installation.
2019-01-31 17:23:17,111  WARN [Worker-22] - ScalaProject - Project LearningScala has platform default sourceLevel.
2019-01-31 17:23:17,111  WARN [Worker-22] - ScalaProject - Project LearningScala runs on platform default installation.
2019-01-31 17:23:19,135  WARN [Worker-8] - ScalaProject - Project LearningScala has platform default sourceLevel.
2019-01-31 17:23:19,135  WARN [Worker-8] - ScalaProject - Project LearningScala runs on platform default installation.
2019-01-31 17:25:39,960  WARN [Worker-27] - ScalaProject - Project LearningScala has platform default sourceLevel.
2019-01-31 17:25:39,961  WARN [Worker-27] - ScalaProject - Project LearningScala runs on platform default installation.
2019-01-31 17:25:41,951  WARN [Worker-21] - ScalaProject - Project LearningScala has platform default sourceLevel.
2019-01-31 17:25:41,952  WARN [Worker-21] - ScalaProject - Project LearningScala runs on platform default installation.
2019-01-31 17:26:58,008  WARN [Worker-22] - ScalaProject - Project LearningScala has platform default sourceLevel.
2019-01-31 17:26:58,010  WARN [Worker-22] - ScalaProject - Project LearningScala runs on platform default installation.
2019-01-31 17:26:59,562  WARN [Worker-21] - ScalaProject - Project LearningScala has platform default sourceLevel.
2019-01-31 17:26:59,563  WARN [Worker-21] - ScalaProject - Project LearningScala runs on platform default installation.
2019-01-31 17:27:41,643  WARN [Worker-8] - ScalaProject - Project LearningScala has platform default sourceLevel.
2019-01-31 17:27:41,643  WARN [Worker-8] - ScalaProject - Project LearningScala runs on platform default installation.
2019-01-31 17:27:48,089  WARN [Worker-22] - ScalaProject - Project LearningScala has platform default sourceLevel.
2019-01-31 17:27:48,090  WARN [Worker-22] - ScalaProject - Project LearningScala runs on platform default installation.
2019-01-31 17:27:49,666  WARN [Worker-22] - ScalaProject - Project LearningScala has platform default sourceLevel.
2019-01-31 17:27:49,666  WARN [Worker-22] - ScalaProject - Project LearningScala runs on platform default installation.
2019-01-31 17:31:47,071  WARN [Worker-20] - ScalaProject - Project LearningScala has platform default sourceLevel.
2019-01-31 17:31:47,071  WARN [Worker-20] - ScalaProject - Project LearningScala runs on platform default installation.
2019-01-31 17:31:49,110  WARN [Worker-21] - ScalaProject - Project LearningScala has platform default sourceLevel.
2019-01-31 17:31:49,110  WARN [Worker-21] - ScalaProject - Project LearningScala runs on platform default installation.
2019-01-31 17:32:53,045  WARN [Worker-8] - ScalaProject - Project LearningScala has platform default sourceLevel.
2019-01-31 17:32:53,046  WARN [Worker-8] - ScalaProject - Project LearningScala runs on platform default installation.
2019-01-31 17:32:54,830  WARN [Worker-22] - ScalaProject - Project LearningScala has platform default sourceLevel.
2019-01-31 17:32:54,830  WARN [Worker-22] - ScalaProject - Project LearningScala runs on platform default installation.
2019-01-31 17:36:06,364  WARN [Worker-20] - ScalaProject - Project LearningScala has platform default sourceLevel.
2019-01-31 17:36:06,364  WARN [Worker-20] - ScalaProject - Project LearningScala runs on platform default installation.
2019-01-31 17:36:08,372  WARN [Worker-8] - ScalaProject - Project LearningScala has platform default sourceLevel.
2019-01-31 17:36:08,372  WARN [Worker-8] - ScalaProject - Project LearningScala runs on platform default installation.
2019-01-31 17:36:19,908  WARN [Worker-22] - ScalaProject - Project LearningScala has platform default sourceLevel.
2019-01-31 17:36:19,909  WARN [Worker-22] - ScalaProject - Project LearningScala runs on platform default installation.
2019-01-31 17:36:21,522  WARN [Worker-21] - ScalaProject - Project LearningScala has platform default sourceLevel.
2019-01-31 17:36:21,523  WARN [Worker-21] - ScalaProject - Project LearningScala runs on platform default installation.
2019-01-31 17:36:58,763  WARN [Worker-20] - ScalaProject - Project LearningScala has platform default sourceLevel.
2019-01-31 17:36:58,763  WARN [Worker-20] - ScalaProject - Project LearningScala runs on platform default installation.
2019-01-31 17:37:00,417  WARN [Worker-8] - ScalaProject - Project LearningScala has platform default sourceLevel.
2019-01-31 17:37:00,420  WARN [Worker-8] - ScalaProject - Project LearningScala runs on platform default installation.
2019-01-31 17:39:05,734  WARN [Worker-22] - ScalaProject - Project LearningScala has platform default sourceLevel.
2019-01-31 17:39:05,734  WARN [Worker-22] - ScalaProject - Project LearningScala runs on platform default installation.
2019-01-31 17:39:07,396  WARN [Worker-27] - ScalaProject - Project LearningScala has platform default sourceLevel.
2019-01-31 17:39:07,397  WARN [Worker-27] - ScalaProject - Project LearningScala runs on platform default installation.
2019-01-31 17:40:49,668  WARN [Worker-22] - ScalaProject - Project LearningScala has platform default sourceLevel.
2019-01-31 17:40:49,668  WARN [Worker-22] - ScalaProject - Project LearningScala runs on platform default installation.
2019-01-31 17:40:51,167  WARN [Worker-27] - ScalaProject - Project LearningScala has platform default sourceLevel.
2019-01-31 17:40:51,168  WARN [Worker-27] - ScalaProject - Project LearningScala runs on platform default installation.
2019-01-31 17:42:57,758  WARN [Worker-21] - ScalaProject - Project LearningScala has platform default sourceLevel.
2019-01-31 17:42:57,758  WARN [Worker-21] - ScalaProject - Project LearningScala runs on platform default installation.
2019-01-31 17:42:59,292  WARN [Worker-27] - ScalaProject - Project LearningScala has platform default sourceLevel.
2019-01-31 17:42:59,292  WARN [Worker-27] - ScalaProject - Project LearningScala runs on platform default installation.
2019-01-31 17:43:24,890  WARN [Worker-20] - ScalaProject - Project LearningScala has platform default sourceLevel.
2019-01-31 17:43:24,890  WARN [Worker-20] - ScalaProject - Project LearningScala runs on platform default installation.
2019-01-31 17:43:26,414  WARN [Worker-20] - ScalaProject - Project LearningScala has platform default sourceLevel.
2019-01-31 17:43:26,415  WARN [Worker-20] - ScalaProject - Project LearningScala runs on platform default installation.
2019-01-31 17:43:57,728  WARN [Worker-21] - ScalaProject - Project LearningScala has platform default sourceLevel.
2019-01-31 17:43:57,728  WARN [Worker-21] - ScalaProject - Project LearningScala runs on platform default installation.
2019-01-31 17:43:59,535  WARN [Worker-22] - ScalaProject - Project LearningScala has platform default sourceLevel.
2019-01-31 17:43:59,536  WARN [Worker-22] - ScalaProject - Project LearningScala runs on platform default installation.
2019-01-31 17:47:19,114  WARN [Worker-27] - ScalaProject - Project LearningScala has platform default sourceLevel.
2019-01-31 17:47:19,114  WARN [Worker-27] - ScalaProject - Project LearningScala runs on platform default installation.
2019-01-31 17:47:20,768  WARN [Worker-27] - ScalaProject - Project LearningScala has platform default sourceLevel.
2019-01-31 17:47:20,768  WARN [Worker-27] - ScalaProject - Project LearningScala runs on platform default installation.
2019-01-31 17:47:33,835  WARN [Worker-27] - ScalaProject - Project LearningScala has platform default sourceLevel.
2019-01-31 17:47:33,835  WARN [Worker-27] - ScalaProject - Project LearningScala runs on platform default installation.
2019-01-31 17:47:35,367  WARN [Worker-20] - ScalaProject - Project LearningScala has platform default sourceLevel.
2019-01-31 17:47:35,367  WARN [Worker-20] - ScalaProject - Project LearningScala runs on platform default installation.
2019-01-31 17:48:22,039  WARN [Worker-22] - ScalaProject - Project LearningScala has platform default sourceLevel.
2019-01-31 17:48:22,039  WARN [Worker-22] - ScalaProject - Project LearningScala runs on platform default installation.
2019-01-31 17:48:23,528  WARN [Worker-27] - ScalaProject - Project LearningScala has platform default sourceLevel.
2019-01-31 17:48:23,529  WARN [Worker-27] - ScalaProject - Project LearningScala runs on platform default installation.
2019-01-31 17:49:05,865  WARN [Worker-22] - ScalaProject - Project LearningScala has platform default sourceLevel.
2019-01-31 17:49:05,866  WARN [Worker-22] - ScalaProject - Project LearningScala runs on platform default installation.
2019-01-31 17:49:07,390  WARN [Worker-27] - ScalaProject - Project LearningScala has platform default sourceLevel.
2019-01-31 17:49:07,391  WARN [Worker-27] - ScalaProject - Project LearningScala runs on platform default installation.
2019-01-31 17:49:25,993  WARN [Worker-27] - ScalaProject - Project LearningScala has platform default sourceLevel.
2019-01-31 17:49:25,993  WARN [Worker-27] - ScalaProject - Project LearningScala runs on platform default installation.
2019-01-31 17:49:27,507  WARN [Worker-21] - ScalaProject - Project LearningScala has platform default sourceLevel.
2019-01-31 17:49:27,508  WARN [Worker-21] - ScalaProject - Project LearningScala runs on platform default installation.
2019-01-31 17:51:37,114  WARN [Worker-20] - ScalaProject - Project LearningScala has platform default sourceLevel.
2019-01-31 17:51:37,114  WARN [Worker-20] - ScalaProject - Project LearningScala runs on platform default installation.
2019-01-31 17:52:02,297  WARN [Worker-20] - ScalaProject - Project LearningScala has platform default sourceLevel.
2019-01-31 17:52:02,297  WARN [Worker-20] - ScalaProject - Project LearningScala runs on platform default installation.
2019-01-31 17:52:03,874  WARN [Worker-22] - ScalaProject - Project LearningScala has platform default sourceLevel.
2019-01-31 17:52:03,875  WARN [Worker-22] - ScalaProject - Project LearningScala runs on platform default installation.
2019-01-31 17:52:18,076  WARN [Worker-21] - ScalaProject - Project LearningScala has platform default sourceLevel.
2019-01-31 17:52:18,076  WARN [Worker-21] - ScalaProject - Project LearningScala runs on platform default installation.
2019-01-31 17:52:19,496  WARN [Worker-22] - ScalaProject - Project LearningScala has platform default sourceLevel.
2019-01-31 17:52:19,496  WARN [Worker-22] - ScalaProject - Project LearningScala runs on platform default installation.
2019-01-31 17:58:42,662  WARN [Worker-20] - ScalaProject - Project LearningScala has platform default sourceLevel.
2019-01-31 17:58:42,662  WARN [Worker-20] - ScalaProject - Project LearningScala runs on platform default installation.
2019-01-31 17:59:11,073  WARN [Worker-22] - ScalaProject - Project LearningScala has platform default sourceLevel.
2019-01-31 17:59:11,073  WARN [Worker-22] - ScalaProject - Project LearningScala runs on platform default installation.
2019-01-31 17:59:12,579  WARN [Worker-29] - ScalaProject - Project LearningScala has platform default sourceLevel.
2019-01-31 17:59:12,580  WARN [Worker-29] - ScalaProject - Project LearningScala runs on platform default installation.
2019-01-31 17:59:55,240  WARN [Worker-20] - ScalaProject - Project LearningScala has platform default sourceLevel.
2019-01-31 17:59:55,240  WARN [Worker-20] - ScalaProject - Project LearningScala runs on platform default installation.
2019-01-31 18:03:34,076  WARN [Worker-28] - ScalaProject - Project LearningScala has platform default sourceLevel.
2019-01-31 18:03:34,076  WARN [Worker-28] - ScalaProject - Project LearningScala runs on platform default installation.
2019-01-31 18:03:35,579  WARN [Worker-28] - ScalaProject - Project LearningScala has platform default sourceLevel.
2019-01-31 18:03:35,580  WARN [Worker-28] - ScalaProject - Project LearningScala runs on platform default installation.
2019-01-31 18:04:58,952  WARN [Worker-28] - ScalaProject - Project LearningScala has platform default sourceLevel.
2019-01-31 18:04:58,952  WARN [Worker-28] - ScalaProject - Project LearningScala runs on platform default installation.
2019-01-31 18:05:00,533  WARN [Worker-31] - ScalaProject - Project LearningScala has platform default sourceLevel.
2019-01-31 18:05:00,533  WARN [Worker-31] - ScalaProject - Project LearningScala runs on platform default installation.
2019-01-31 18:05:47,270  WARN [Worker-28] - ScalaProject - Project LearningScala has platform default sourceLevel.
2019-01-31 18:05:47,270  WARN [Worker-28] - ScalaProject - Project LearningScala runs on platform default installation.
2019-01-31 18:05:48,773  WARN [Worker-28] - ScalaProject - Project LearningScala has platform default sourceLevel.
2019-01-31 18:05:48,774  WARN [Worker-28] - ScalaProject - Project LearningScala runs on platform default installation.
2019-01-31 18:12:13,960  WARN [Worker-20] - ScalaProject - Project LearningScala has platform default sourceLevel.
2019-01-31 18:12:13,961  WARN [Worker-20] - ScalaProject - Project LearningScala runs on platform default installation.
2019-01-31 18:12:15,476  WARN [Worker-20] - ScalaProject - Project LearningScala has platform default sourceLevel.
2019-01-31 18:12:15,476  WARN [Worker-20] - ScalaProject - Project LearningScala runs on platform default installation.
2019-01-31 18:12:57,934  WARN [Worker-33] - ScalaProject - Project LearningScala has platform default sourceLevel.
2019-01-31 18:12:57,934  WARN [Worker-33] - ScalaProject - Project LearningScala runs on platform default installation.
2019-01-31 18:12:59,600  WARN [Worker-34] - ScalaProject - Project LearningScala has platform default sourceLevel.
2019-01-31 18:12:59,600  WARN [Worker-34] - ScalaProject - Project LearningScala runs on platform default installation.
2019-01-31 18:13:13,175  WARN [Worker-32] - ScalaProject - Project LearningScala has platform default sourceLevel.
2019-01-31 18:13:13,175  WARN [Worker-32] - ScalaProject - Project LearningScala runs on platform default installation.
2019-01-31 18:13:14,850  WARN [Worker-34] - ScalaProject - Project LearningScala has platform default sourceLevel.
2019-01-31 18:13:14,851  WARN [Worker-34] - ScalaProject - Project LearningScala runs on platform default installation.
2019-02-01 08:56:46,618  WARN [Worker-280] - ScalaProject - Project LearningScala has platform default sourceLevel.
2019-02-01 08:56:46,620  WARN [Worker-280] - ScalaProject - Project LearningScala runs on platform default installation.
2019-02-01 09:08:45,861  WARN [Worker-282] - ScalaProject - Project LearningScala has platform default sourceLevel.
2019-02-01 09:08:45,861  WARN [Worker-282] - ScalaProject - Project LearningScala runs on platform default installation.
2019-02-01 09:08:47,536  WARN [Worker-284] - ScalaProject - Project LearningScala has platform default sourceLevel.
2019-02-01 09:08:47,537  WARN [Worker-284] - ScalaProject - Project LearningScala runs on platform default installation.
2019-02-01 09:10:25,003  WARN [Worker-290] - ScalaProject - Project LearningScala has platform default sourceLevel.
2019-02-01 09:10:25,009  WARN [Worker-290] - ScalaProject - Project LearningScala runs on platform default installation.
2019-02-01 09:10:25,505  WARN [Worker-284] - ScalaProject - Project LearningScala has platform default sourceLevel.
2019-02-01 09:10:25,506  WARN [Worker-284] - ScalaProject - Project LearningScala runs on platform default installation.
2019-02-01 09:16:30,165  WARN [Worker-288] - ScalaProject - Project LearningScala has platform default sourceLevel.
2019-02-01 09:16:30,165  WARN [Worker-288] - ScalaProject - Project LearningScala runs on platform default installation.
2019-02-01 09:16:30,642  WARN [Worker-289] - ScalaProject - Project LearningScala has platform default sourceLevel.
2019-02-01 09:16:30,642  WARN [Worker-289] - ScalaProject - Project LearningScala runs on platform default installation.
2019-02-01 09:18:34,640  WARN [Worker-292] - ScalaProject - Project LearningScala has platform default sourceLevel.
2019-02-01 09:18:34,640  WARN [Worker-292] - ScalaProject - Project LearningScala runs on platform default installation.
2019-02-01 09:18:36,210  WARN [Worker-290] - ScalaProject - Project LearningScala has platform default sourceLevel.
2019-02-01 09:18:36,210  WARN [Worker-290] - ScalaProject - Project LearningScala runs on platform default installation.
2019-02-01 09:19:23,474  WARN [Worker-290] - ScalaProject - Project LearningScala has platform default sourceLevel.
2019-02-01 09:19:23,474  WARN [Worker-290] - ScalaProject - Project LearningScala runs on platform default installation.
2019-02-01 09:44:21,899 ERROR [Text Viewer Hover Presenter] - IScalaPresentationCompiler$ - Ignoring InterruptException
2019-02-01 09:44:21,899 ERROR [Text Viewer Hover Presenter] - IScalaPresentationCompiler$ - Ignoring InterruptException
2019-02-01 09:46:23,199  WARN [Worker-290] - ScalaProject - Project LearningScala has platform default sourceLevel.
2019-02-01 09:46:23,199  WARN [Worker-290] - ScalaProject - Project LearningScala runs on platform default installation.
2019-02-01 09:46:25,272  WARN [Worker-290] - ScalaProject - Project LearningScala has platform default sourceLevel.
2019-02-01 09:46:25,272  WARN [Worker-290] - ScalaProject - Project LearningScala runs on platform default installation.
2019-02-01 09:48:27,832  WARN [Worker-299] - ScalaProject - Project LearningScala has platform default sourceLevel.
2019-02-01 09:48:27,833  WARN [Worker-299] - ScalaProject - Project LearningScala runs on platform default installation.
2019-02-01 09:48:28,524 ERROR [Text Viewer Hover Presenter] - IScalaPresentationCompiler$ - Ignoring InterruptException
2019-02-01 09:48:28,524 ERROR [Text Viewer Hover Presenter] - IScalaPresentationCompiler$ - Ignoring InterruptException
2019-02-01 09:48:28,524 ERROR [Text Viewer Hover Presenter] - IScalaPresentationCompiler$ - Ignoring InterruptException
2019-02-01 09:48:29,415  WARN [Worker-298] - ScalaProject - Project LearningScala has platform default sourceLevel.
2019-02-01 09:48:29,415  WARN [Worker-298] - ScalaProject - Project LearningScala runs on platform default installation.
2019-02-01 09:49:20,059  WARN [Worker-300] - ScalaProject - Project LearningScala has platform default sourceLevel.
2019-02-01 09:49:20,059  WARN [Worker-300] - ScalaProject - Project LearningScala runs on platform default installation.
2019-02-01 09:49:21,672  WARN [Worker-299] - ScalaProject - Project LearningScala has platform default sourceLevel.
2019-02-01 09:49:21,673  WARN [Worker-299] - ScalaProject - Project LearningScala runs on platform default installation.
2019-02-01 10:48:47,878  WARN [Worker-308] - ScalaProject - Project LearningScala has platform default sourceLevel.
2019-02-01 10:48:47,881  WARN [Worker-308] - ScalaProject - Project LearningScala runs on platform default installation.
2019-02-01 10:48:50,204  WARN [Worker-307] - ScalaProject - Project LearningScala has platform default sourceLevel.
2019-02-01 10:48:50,205  WARN [Worker-307] - ScalaProject - Project LearningScala runs on platform default installation.
